#-----------------------------------------------------------
# Vivado v2019.1 (64-bit)
# SW Build 2552052 on Fri May 24 14:49:42 MDT 2019
# IP Build 2548770 on Fri May 24 18:01:18 MDT 2019
# Start of session at: Mon Sep 13 16:04:40 2021
# Process ID: 15276
# Current directory: E:/本科课程资料/专业考试课/体系结构/体系结构实验2020/170400224-张俊辉/piplinecpu/pipeline
# Command line: vivado.exe -gui_launcher_event rodinguilauncherevent15712 E:\本科课程资料\专业考试课\体系结构\体系结构实验2020\170400224-张俊辉\piplinecpu\pipeline\pipeline.xpr
# Log file: E:/本科课程资料/专业考试课/体系结构/体系结构实验2020/170400224-张俊辉/piplinecpu/pipeline/vivado.log
# Journal file: E:/本科课程资料/专业考试课/体系结构/体系结构实验2020/170400224-张俊辉/piplinecpu/pipeline\vivado.jou
#-----------------------------------------------------------
start_gui
open_project E:/本科课程资料/专业考试课/体系结构/体系结构实验2020/170400224-张俊辉/piplinecpu/pipeline/pipeline.xpr
INFO: [ProjectBase 1-489] The host OS only allows 260 characters in a normal path. The project is stored in a path with more than 80 characters. If you experience issues with IP, Block Designs, or files not being found, please consider moving the project to a location with a shorter path. Alternately consider using the OS subst command to map part of the path to a drive letter.
Current project path is 'E:/本科课程资料/专业考试课/体系结构/体系结构实验2020/170400224-张俊辉/piplinecpu/pipeline'
Scanning sources...
Finished scanning sources
INFO: [IP_Flow 19-234] Refreshing IP repositories
INFO: [IP_Flow 19-1704] No user IP repositories specified
INFO: [IP_Flow 19-2313] Loaded Vivado IP repository 'F:/Xilinx/Vivado/2019.1/data/ip'.
open_project: Time (s): cpu = 00:00:20 ; elapsed = 00:00:07 . Memory (MB): peak = 1021.047 ; gain = 146.254
update_compile_order -fileset sources_1
launch_runs synth_1 -jobs 4
[Mon Sep 13 16:05:16 2021] Launched synth_1...
Run output will be captured here: E:/本科课程资料/专业考试课/体系结构/体系结构实验2020/170400224-张俊辉/piplinecpu/pipeline/pipeline.runs/synth_1/runme.log
reset_run synth_1
launch_runs synth_1 -jobs 4
[Mon Sep 13 16:06:21 2021] Launched synth_1...
Run output will be captured here: E:/本科课程资料/专业考试课/体系结构/体系结构实验2020/170400224-张俊辉/piplinecpu/pipeline/pipeline.runs/synth_1/runme.log
exit
INFO: [Common 17-206] Exiting Vivado at Mon Sep 13 16:06:56 2021...
