#-----------------------------------------------------------
# Vivado v2019.1 (64-bit)
# SW Build 2552052 on Fri May 24 14:49:42 MDT 2019
# IP Build 2548770 on Fri May 24 18:01:18 MDT 2019
# Start of session at: Sun Jul 12 16:17:22 2020
# Process ID: 5584
# Current directory: E:/课程资料/大三下/考试课/体系结构/170400224-张俊辉/piplinecpu/pipeline
# Command line: vivado.exe -gui_launcher_event rodinguilauncherevent10396 E:\课程资料\大三下\考试课\体系结构\170400224-张俊辉\piplinecpu\pipeline\pipeline.xpr
# Log file: E:/课程资料/大三下/考试课/体系结构/170400224-张俊辉/piplinecpu/pipeline/vivado.log
# Journal file: E:/课程资料/大三下/考试课/体系结构/170400224-张俊辉/piplinecpu/pipeline\vivado.jou
#-----------------------------------------------------------
start_gui
open_project E:/课程资料/大三下/考试课/体系结构/170400224-张俊辉/piplinecpu/pipeline/pipeline.xpr
INFO: [Project 1-313] Project file moved from 'F:/piplinecpu/pipeline' since last save.
Scanning sources...
Finished scanning sources
INFO: [IP_Flow 19-234] Refreshing IP repositories
INFO: [IP_Flow 19-1704] No user IP repositories specified
INFO: [IP_Flow 19-2313] Loaded Vivado IP repository 'F:/Xilinx/Vivado/2019.1/data/ip'.
update_compile_order -fileset sources_1
exit
INFO: [Common 17-206] Exiting Vivado at Sun Jul 12 16:18:03 2020...
