#-----------------------------------------------------------
# Vivado v2019.1 (64-bit)
# SW Build 2552052 on Fri May 24 14:49:42 MDT 2019
# IP Build 2548770 on Fri May 24 18:01:18 MDT 2019
# Start of session at: Sun Jul 18 12:22:19 2021
# Process ID: 8800
# Current directory: E:/本科课程资料/专业考试课/体系结构/体系结构实验2020/170400224-张俊辉/piplinecpu/pipeline
# Command line: vivado.exe -gui_launcher_event rodinguilauncherevent19556 E:\本科课程资料\专业考试课\体系结构\体系结构实验2020\170400224-张俊辉\piplinecpu\pipeline\pipeline.xpr
# Log file: E:/本科课程资料/专业考试课/体系结构/体系结构实验2020/170400224-张俊辉/piplinecpu/pipeline/vivado.log
# Journal file: E:/本科课程资料/专业考试课/体系结构/体系结构实验2020/170400224-张俊辉/piplinecpu/pipeline\vivado.jou
#-----------------------------------------------------------
start_gui
open_project E:/本科课程资料/专业考试课/体系结构/体系结构实验2020/170400224-张俊辉/piplinecpu/pipeline/pipeline.xpr
INFO: [ProjectBase 1-489] The host OS only allows 260 characters in a normal path. The project is stored in a path with more than 80 characters. If you experience issues with IP, Block Designs, or files not being found, please consider moving the project to a location with a shorter path. Alternately consider using the OS subst command to map part of the path to a drive letter.
Current project path is 'E:/本科课程资料/专业考试课/体系结构/体系结构实验2020/170400224-张俊辉/piplinecpu/pipeline'
INFO: [Project 1-313] Project file moved from 'E:/课程资料/专业考试课/体系结构/体系结构实验2020/170400224-张俊辉/piplinecpu/pipeline' since last save.
Scanning sources...
Finished scanning sources
INFO: [IP_Flow 19-234] Refreshing IP repositories
INFO: [IP_Flow 19-1704] No user IP repositories specified
INFO: [IP_Flow 19-2313] Loaded Vivado IP repository 'F:/Xilinx/Vivado/2019.1/data/ip'.
open_project: Time (s): cpu = 00:00:19 ; elapsed = 00:00:06 . Memory (MB): peak = 741.625 ; gain = 117.230
update_compile_order -fileset sources_1
exit
INFO: [Common 17-206] Exiting Vivado at Sun Jul 18 22:19:02 2021...
