
*** Running vivado
    with args -log Basys3_Top.vdi -applog -m64 -product Vivado -messageDb vivado.pb -mode batch -source Basys3_Top.tcl -notrace


****** Vivado v2019.1 (64-bit)
  **** SW Build 2552052 on Fri May 24 14:49:42 MDT 2019
  **** IP Build 2548770 on Fri May 24 18:01:18 MDT 2019
    ** Copyright 1986-2019 Xilinx, Inc. All Rights Reserved.

source Basys3_Top.tcl -notrace
Command: link_design -top Basys3_Top -part xc7a35tcpg236-1
Design is defaulting to srcset: sources_1
Design is defaulting to constrset: constrs_1
INFO: [Device 21-403] Loading part xc7a35tcpg236-1
INFO: [Project 1-454] Reading design checkpoint 'f:/Projects/piplinecpu/pipeline/pipeline.srcs/sources_1/ip/irom/irom.dcp' for cell 'irom'
INFO: [Netlist 29-17] Analyzing 48 Unisim elements for replacement
INFO: [Netlist 29-28] Unisim Transformation completed in 0 CPU seconds
INFO: [Project 1-479] Netlist was created with Vivado 2019.1
INFO: [Project 1-570] Preparing netlist for logic optimization
Parsing XDC File [F:/Projects/piplinecpu/pipeline/pipeline.srcs/constrs_1/imports/piplinecpu/Basys-3.xdc]
Finished Parsing XDC File [F:/Projects/piplinecpu/pipeline/pipeline.srcs/constrs_1/imports/piplinecpu/Basys-3.xdc]
INFO: [Opt 31-138] Pushed 0 inverter(s) to 0 load pin(s).
Netlist sorting complete. Time (s): cpu = 00:00:00 ; elapsed = 00:00:00 . Memory (MB): peak = 665.340 ; gain = 0.000
INFO: [Project 1-111] Unisim Transformation Summary:
  A total of 12 instances were transformed.
  RAM32M => RAM32M (RAMD32, RAMD32, RAMD32, RAMD32, RAMD32, RAMD32, RAMS32, RAMS32): 12 instances

8 Infos, 0 Warnings, 0 Critical Warnings and 0 Errors encountered.
link_design completed successfully
link_design: Time (s): cpu = 00:00:07 ; elapsed = 00:00:08 . Memory (MB): peak = 665.340 ; gain = 370.422
Command: opt_design
Attempting to get a license for feature 'Implementation' and/or device 'xc7a35t'
INFO: [Common 17-349] Got license for feature 'Implementation' and/or device 'xc7a35t'
Running DRC as a precondition to command opt_design

Starting DRC Task
INFO: [DRC 23-27] Running DRC with 2 threads
INFO: [Project 1-461] DRC finished with 0 Errors
INFO: [Project 1-462] Please refer to the DRC report (report_drc) for more information.

Time (s): cpu = 00:00:01 ; elapsed = 00:00:00.748 . Memory (MB): peak = 685.316 ; gain = 19.977

Starting Cache Timing Information Task
INFO: [Timing 38-35] Done setting XDC timing constraints.
Ending Cache Timing Information Task | Checksum: 1966e5051

Time (s): cpu = 00:00:10 ; elapsed = 00:00:10 . Memory (MB): peak = 1232.070 ; gain = 546.754

Starting Logic Optimization Task

Phase 1 Retarget
INFO: [Opt 31-138] Pushed 0 inverter(s) to 0 load pin(s).
INFO: [Opt 31-49] Retargeted 0 cell(s).
Phase 1 Retarget | Checksum: 116e7bb78

Time (s): cpu = 00:00:00 ; elapsed = 00:00:00.113 . Memory (MB): peak = 1372.875 ; gain = 0.000
INFO: [Opt 31-389] Phase Retarget created 0 cells and removed 1 cells

Phase 2 Constant propagation
INFO: [Opt 31-138] Pushed 1 inverter(s) to 6 load pin(s).
Phase 2 Constant propagation | Checksum: 1053336ac

Time (s): cpu = 00:00:01 ; elapsed = 00:00:00.214 . Memory (MB): peak = 1372.875 ; gain = 0.000
INFO: [Opt 31-389] Phase Constant propagation created 96 cells and removed 143 cells

Phase 3 Sweep
Phase 3 Sweep | Checksum: 153877247

Time (s): cpu = 00:00:01 ; elapsed = 00:00:00.253 . Memory (MB): peak = 1372.875 ; gain = 0.000
INFO: [Opt 31-389] Phase Sweep created 16 cells and removed 0 cells

Phase 4 BUFG optimization
Phase 4 BUFG optimization | Checksum: 153877247

Time (s): cpu = 00:00:01 ; elapsed = 00:00:00.283 . Memory (MB): peak = 1372.875 ; gain = 0.000
INFO: [Opt 31-662] Phase BUFG optimization created 0 cells of which 0 are BUFGs and removed 0 cells.

Phase 5 Shift Register Optimization
INFO: [Opt 31-1064] SRL Remap converted 0 SRLs to 0 registers and converted 0 registers of register chains to 0 SRLs
Phase 5 Shift Register Optimization | Checksum: 153877247

Time (s): cpu = 00:00:01 ; elapsed = 00:00:00.309 . Memory (MB): peak = 1372.875 ; gain = 0.000
INFO: [Opt 31-389] Phase Shift Register Optimization created 0 cells and removed 0 cells

Phase 6 Post Processing Netlist
Phase 6 Post Processing Netlist | Checksum: 1854c4cf4

Time (s): cpu = 00:00:01 ; elapsed = 00:00:00.317 . Memory (MB): peak = 1372.875 ; gain = 0.000
INFO: [Opt 31-389] Phase Post Processing Netlist created 0 cells and removed 0 cells
Opt_design Change Summary
=========================


-------------------------------------------------------------------------------------------------------------------------
|  Phase                        |  #Cells created  |  #Cells Removed  |  #Constrained objects preventing optimizations  |
-------------------------------------------------------------------------------------------------------------------------
|  Retarget                     |               0  |               1  |                                              0  |
|  Constant propagation         |              96  |             143  |                                              0  |
|  Sweep                        |              16  |               0  |                                              0  |
|  BUFG optimization            |               0  |               0  |                                              0  |
|  Shift Register Optimization  |               0  |               0  |                                              0  |
|  Post Processing Netlist      |               0  |               0  |                                              0  |
-------------------------------------------------------------------------------------------------------------------------



Starting Connectivity Check Task

Time (s): cpu = 00:00:00 ; elapsed = 00:00:00.003 . Memory (MB): peak = 1372.875 ; gain = 0.000
Ending Logic Optimization Task | Checksum: 161e3fc33

Time (s): cpu = 00:00:01 ; elapsed = 00:00:00.361 . Memory (MB): peak = 1372.875 ; gain = 0.000

Starting Power Optimization Task
INFO: [Pwropt 34-132] Skipping clock gating for clocks with a period < 2.00 ns.
Ending Power Optimization Task | Checksum: 161e3fc33

Time (s): cpu = 00:00:00 ; elapsed = 00:00:00.013 . Memory (MB): peak = 1372.875 ; gain = 0.000

Starting Final Cleanup Task
Ending Final Cleanup Task | Checksum: 161e3fc33

Time (s): cpu = 00:00:00 ; elapsed = 00:00:00 . Memory (MB): peak = 1372.875 ; gain = 0.000

Starting Netlist Obfuscation Task
Netlist sorting complete. Time (s): cpu = 00:00:00 ; elapsed = 00:00:00 . Memory (MB): peak = 1372.875 ; gain = 0.000
Ending Netlist Obfuscation Task | Checksum: 161e3fc33

Time (s): cpu = 00:00:00 ; elapsed = 00:00:00.001 . Memory (MB): peak = 1372.875 ; gain = 0.000
INFO: [Common 17-83] Releasing license: Implementation
25 Infos, 0 Warnings, 0 Critical Warnings and 0 Errors encountered.
opt_design completed successfully
opt_design: Time (s): cpu = 00:00:13 ; elapsed = 00:00:13 . Memory (MB): peak = 1372.875 ; gain = 707.535
Netlist sorting complete. Time (s): cpu = 00:00:00 ; elapsed = 00:00:00.001 . Memory (MB): peak = 1372.875 ; gain = 0.000
INFO: [Timing 38-480] Writing timing data to binary archive.
Writing placer database...
Writing XDEF routing.
Writing XDEF routing logical nets.
Writing XDEF routing special nets.
Write XDEF Complete: Time (s): cpu = 00:00:00 ; elapsed = 00:00:00.040 . Memory (MB): peak = 1372.875 ; gain = 0.000
INFO: [Common 17-1381] The checkpoint 'F:/Projects/piplinecpu/pipeline/pipeline.runs/impl_1/Basys3_Top_opt.dcp' has been generated.
INFO: [runtcl-4] Executing : report_drc -file Basys3_Top_drc_opted.rpt -pb Basys3_Top_drc_opted.pb -rpx Basys3_Top_drc_opted.rpx
Command: report_drc -file Basys3_Top_drc_opted.rpt -pb Basys3_Top_drc_opted.pb -rpx Basys3_Top_drc_opted.rpx
INFO: [IP_Flow 19-1839] IP Catalog is up to date.
INFO: [DRC 23-27] Running DRC with 2 threads
INFO: [Coretcl 2-168] The results of DRC are in file F:/Projects/piplinecpu/pipeline/pipeline.runs/impl_1/Basys3_Top_drc_opted.rpt.
report_drc completed successfully
Command: place_design
Attempting to get a license for feature 'Implementation' and/or device 'xc7a35t'
INFO: [Common 17-349] Got license for feature 'Implementation' and/or device 'xc7a35t'
INFO: [DRC 23-27] Running DRC with 2 threads
INFO: [Vivado_Tcl 4-198] DRC finished with 0 Errors
INFO: [Vivado_Tcl 4-199] Please refer to the DRC report (report_drc) for more information.
Running DRC as a precondition to command place_design
INFO: [DRC 23-27] Running DRC with 2 threads
INFO: [Vivado_Tcl 4-198] DRC finished with 0 Errors
INFO: [Vivado_Tcl 4-199] Please refer to the DRC report (report_drc) for more information.

Starting Placer Task
INFO: [Place 30-611] Multithreading enabled for place_design using a maximum of 2 CPUs

Phase 1 Placer Initialization

Phase 1.1 Placer Initialization Netlist Sorting
Netlist sorting complete. Time (s): cpu = 00:00:00 ; elapsed = 00:00:00 . Memory (MB): peak = 1372.875 ; gain = 0.000
Phase 1.1 Placer Initialization Netlist Sorting | Checksum: 12fed898c

Time (s): cpu = 00:00:00 ; elapsed = 00:00:00.006 . Memory (MB): peak = 1372.875 ; gain = 0.000
Netlist sorting complete. Time (s): cpu = 00:00:00 ; elapsed = 00:00:00.001 . Memory (MB): peak = 1372.875 ; gain = 0.000

Phase 1.2 IO Placement/ Clock Placement/ Build Placer Device
INFO: [Timing 38-35] Done setting XDC timing constraints.
Phase 1.2 IO Placement/ Clock Placement/ Build Placer Device | Checksum: a69c1e7f

Time (s): cpu = 00:00:02 ; elapsed = 00:00:00.960 . Memory (MB): peak = 1372.875 ; gain = 0.000

Phase 1.3 Build Placer Netlist Model
Phase 1.3 Build Placer Netlist Model | Checksum: e18c97b1

Time (s): cpu = 00:00:02 ; elapsed = 00:00:01 . Memory (MB): peak = 1372.875 ; gain = 0.000

Phase 1.4 Constrain Clocks/Macros
Phase 1.4 Constrain Clocks/Macros | Checksum: e18c97b1

Time (s): cpu = 00:00:02 ; elapsed = 00:00:01 . Memory (MB): peak = 1372.875 ; gain = 0.000
Phase 1 Placer Initialization | Checksum: e18c97b1

Time (s): cpu = 00:00:02 ; elapsed = 00:00:01 . Memory (MB): peak = 1372.875 ; gain = 0.000

Phase 2 Global Placement

Phase 2.1 Floorplanning
Phase 2.1 Floorplanning | Checksum: a6ad0860

Time (s): cpu = 00:00:03 ; elapsed = 00:00:02 . Memory (MB): peak = 1372.875 ; gain = 0.000

Phase 2.2 Global Placement Core

Phase 2.2.1 Physical Synthesis In Placer
INFO: [Physopt 32-65] No nets found for high-fanout optimization.
INFO: [Physopt 32-232] Optimized 0 net. Created 0 new instance.
INFO: [Physopt 32-775] End 1 Pass. Optimized 0 net or cell. Created 0 new cell, deleted 0 existing cell and moved 0 existing cell
INFO: [Physopt 32-670] No setup violation found.  DSP Register Optimization was not performed.
INFO: [Physopt 32-670] No setup violation found.  Shift Register Optimization was not performed.
INFO: [Physopt 32-670] No setup violation found.  BRAM Register Optimization was not performed.
INFO: [Physopt 32-949] No candidate nets found for HD net replication
INFO: [Physopt 32-775] End 1 Pass. Optimized 0 net or cell. Created 0 new cell, deleted 0 existing cell and moved 0 existing cell
Netlist sorting complete. Time (s): cpu = 00:00:00 ; elapsed = 00:00:00 . Memory (MB): peak = 1372.875 ; gain = 0.000

Summary of Physical Synthesis Optimizations
============================================


----------------------------------------------------------------------------------------------------------------------------------------
|  Optimization                  |  Added Cells  |  Removed Cells  |  Optimized Cells/Nets  |  Dont Touch  |  Iterations  |  Elapsed   |
----------------------------------------------------------------------------------------------------------------------------------------
|  Very High Fanout              |            0  |              0  |                     0  |           0  |           1  |  00:00:01  |
|  DSP Register                  |            0  |              0  |                     0  |           0  |           0  |  00:00:00  |
|  Shift Register                |            0  |              0  |                     0  |           0  |           0  |  00:00:00  |
|  BRAM Register                 |            0  |              0  |                     0  |           0  |           0  |  00:00:00  |
|  HD Interface Net Replication  |            0  |              0  |                     0  |           0  |           1  |  00:00:00  |
|  Total                         |            0  |              0  |                     0  |           0  |           2  |  00:00:01  |
----------------------------------------------------------------------------------------------------------------------------------------


Phase 2.2.1 Physical Synthesis In Placer | Checksum: cad93644

Time (s): cpu = 00:00:08 ; elapsed = 00:00:05 . Memory (MB): peak = 1372.875 ; gain = 0.000
Phase 2.2 Global Placement Core | Checksum: 11e88069b

Time (s): cpu = 00:00:08 ; elapsed = 00:00:05 . Memory (MB): peak = 1372.875 ; gain = 0.000
Phase 2 Global Placement | Checksum: 11e88069b

Time (s): cpu = 00:00:08 ; elapsed = 00:00:05 . Memory (MB): peak = 1372.875 ; gain = 0.000

Phase 3 Detail Placement

Phase 3.1 Commit Multi Column Macros
Phase 3.1 Commit Multi Column Macros | Checksum: 153b00c95

Time (s): cpu = 00:00:08 ; elapsed = 00:00:05 . Memory (MB): peak = 1372.875 ; gain = 0.000

Phase 3.2 Commit Most Macros & LUTRAMs
Phase 3.2 Commit Most Macros & LUTRAMs | Checksum: 12d9aa6a2

Time (s): cpu = 00:00:09 ; elapsed = 00:00:05 . Memory (MB): peak = 1372.875 ; gain = 0.000

Phase 3.3 Area Swap Optimization
Phase 3.3 Area Swap Optimization | Checksum: 133460e69

Time (s): cpu = 00:00:09 ; elapsed = 00:00:05 . Memory (MB): peak = 1372.875 ; gain = 0.000

Phase 3.4 Pipeline Register Optimization
Phase 3.4 Pipeline Register Optimization | Checksum: 1d8f7bb6e

Time (s): cpu = 00:00:09 ; elapsed = 00:00:05 . Memory (MB): peak = 1372.875 ; gain = 0.000

Phase 3.5 Small Shape Detail Placement
Phase 3.5 Small Shape Detail Placement | Checksum: 19b5c125b

Time (s): cpu = 00:00:09 ; elapsed = 00:00:06 . Memory (MB): peak = 1372.875 ; gain = 0.000

Phase 3.6 Re-assign LUT pins
Phase 3.6 Re-assign LUT pins | Checksum: 1fc8804a3

Time (s): cpu = 00:00:10 ; elapsed = 00:00:06 . Memory (MB): peak = 1372.875 ; gain = 0.000

Phase 3.7 Pipeline Register Optimization
Phase 3.7 Pipeline Register Optimization | Checksum: 14eb2b23e

Time (s): cpu = 00:00:10 ; elapsed = 00:00:06 . Memory (MB): peak = 1372.875 ; gain = 0.000
Phase 3 Detail Placement | Checksum: 14eb2b23e

Time (s): cpu = 00:00:10 ; elapsed = 00:00:06 . Memory (MB): peak = 1372.875 ; gain = 0.000

Phase 4 Post Placement Optimization and Clean-Up

Phase 4.1 Post Commit Optimization
INFO: [Timing 38-35] Done setting XDC timing constraints.

Phase 4.1.1 Post Placement Optimization
Post Placement Optimization Initialization | Checksum: 1e82c88cf

Phase 4.1.1.1 BUFG Insertion
INFO: [Place 46-56] BUFG insertion identified 0 candidate nets. Inserted BUFG: 0, Replicated BUFG Driver: 0, Skipped due to Placement/Routing Conflicts: 0, Skipped due to Timing Degradation: 0, Skipped due to Illegal Netlist: 0.
Phase 4.1.1.1 BUFG Insertion | Checksum: 1e82c88cf

Time (s): cpu = 00:00:10 ; elapsed = 00:00:06 . Memory (MB): peak = 1377.621 ; gain = 4.746
INFO: [Place 30-746] Post Placement Timing Summary WNS=6.772. For the most accurate timing information please run report_timing.
Phase 4.1.1 Post Placement Optimization | Checksum: 1894e87ca

Time (s): cpu = 00:00:10 ; elapsed = 00:00:06 . Memory (MB): peak = 1377.621 ; gain = 4.746
Phase 4.1 Post Commit Optimization | Checksum: 1894e87ca

Time (s): cpu = 00:00:10 ; elapsed = 00:00:06 . Memory (MB): peak = 1377.621 ; gain = 4.746

Phase 4.2 Post Placement Cleanup
Phase 4.2 Post Placement Cleanup | Checksum: 1894e87ca

Time (s): cpu = 00:00:10 ; elapsed = 00:00:06 . Memory (MB): peak = 1377.621 ; gain = 4.746

Phase 4.3 Placer Reporting
Phase 4.3 Placer Reporting | Checksum: 1894e87ca

Time (s): cpu = 00:00:10 ; elapsed = 00:00:06 . Memory (MB): peak = 1377.621 ; gain = 4.746

Phase 4.4 Final Placement Cleanup
Netlist sorting complete. Time (s): cpu = 00:00:00 ; elapsed = 00:00:00 . Memory (MB): peak = 1377.621 ; gain = 0.000
Phase 4.4 Final Placement Cleanup | Checksum: 1af6d7b17

Time (s): cpu = 00:00:10 ; elapsed = 00:00:06 . Memory (MB): peak = 1377.621 ; gain = 4.746
Phase 4 Post Placement Optimization and Clean-Up | Checksum: 1af6d7b17

Time (s): cpu = 00:00:10 ; elapsed = 00:00:06 . Memory (MB): peak = 1377.621 ; gain = 4.746
Ending Placer Task | Checksum: 15aff223b

Time (s): cpu = 00:00:10 ; elapsed = 00:00:06 . Memory (MB): peak = 1377.621 ; gain = 4.746
INFO: [Common 17-83] Releasing license: Implementation
52 Infos, 0 Warnings, 0 Critical Warnings and 0 Errors encountered.
place_design completed successfully
place_design: Time (s): cpu = 00:00:11 ; elapsed = 00:00:07 . Memory (MB): peak = 1377.621 ; gain = 4.746
Netlist sorting complete. Time (s): cpu = 00:00:00 ; elapsed = 00:00:00 . Memory (MB): peak = 1377.621 ; gain = 0.000
INFO: [Timing 38-480] Writing timing data to binary archive.
Writing placer database...
Writing XDEF routing.
Writing XDEF routing logical nets.
Writing XDEF routing special nets.
Write XDEF Complete: Time (s): cpu = 00:00:01 ; elapsed = 00:00:00.206 . Memory (MB): peak = 1378.711 ; gain = 1.090
INFO: [Common 17-1381] The checkpoint 'F:/Projects/piplinecpu/pipeline/pipeline.runs/impl_1/Basys3_Top_placed.dcp' has been generated.
INFO: [runtcl-4] Executing : report_io -file Basys3_Top_io_placed.rpt
report_io: Time (s): cpu = 00:00:00 ; elapsed = 00:00:00.387 . Memory (MB): peak = 1378.711 ; gain = 0.000
INFO: [runtcl-4] Executing : report_utilization -file Basys3_Top_utilization_placed.rpt -pb Basys3_Top_utilization_placed.pb
INFO: [runtcl-4] Executing : report_control_sets -verbose -file Basys3_Top_control_sets_placed.rpt
report_control_sets: Time (s): cpu = 00:00:00 ; elapsed = 00:00:00.024 . Memory (MB): peak = 1378.711 ; gain = 0.000
Command: route_design
Attempting to get a license for feature 'Implementation' and/or device 'xc7a35t'
INFO: [Common 17-349] Got license for feature 'Implementation' and/or device 'xc7a35t'
Running DRC as a precondition to command route_design
INFO: [DRC 23-27] Running DRC with 2 threads
INFO: [Vivado_Tcl 4-198] DRC finished with 0 Errors
INFO: [Vivado_Tcl 4-199] Please refer to the DRC report (report_drc) for more information.


Starting Routing Task
INFO: [Route 35-254] Multithreading enabled for route_design using a maximum of 2 CPUs
Checksum: PlaceDB: e8f4ede3 ConstDB: 0 ShapeSum: 720a3458 RouteDB: 0

Phase 1 Build RT Design
Phase 1 Build RT Design | Checksum: 139c057d6

Time (s): cpu = 00:00:27 ; elapsed = 00:00:24 . Memory (MB): peak = 1469.828 ; gain = 80.094
Post Restoration Checksum: NetGraph: a9361b3d NumContArr: 908a3c99 Constraints: 0 Timing: 0

Phase 2 Router Initialization

Phase 2.1 Create Timer
Phase 2.1 Create Timer | Checksum: 139c057d6

Time (s): cpu = 00:00:27 ; elapsed = 00:00:24 . Memory (MB): peak = 1502.055 ; gain = 112.320

Phase 2.2 Fix Topology Constraints
Phase 2.2 Fix Topology Constraints | Checksum: 139c057d6

Time (s): cpu = 00:00:27 ; elapsed = 00:00:24 . Memory (MB): peak = 1508.066 ; gain = 118.332

Phase 2.3 Pre Route Cleanup
Phase 2.3 Pre Route Cleanup | Checksum: 139c057d6

Time (s): cpu = 00:00:27 ; elapsed = 00:00:24 . Memory (MB): peak = 1508.066 ; gain = 118.332
 Number of Nodes with overlaps = 0

Phase 2.4 Update Timing
Phase 2.4 Update Timing | Checksum: 13ba78a9b

Time (s): cpu = 00:00:28 ; elapsed = 00:00:25 . Memory (MB): peak = 1518.926 ; gain = 129.191
INFO: [Route 35-416] Intermediate Timing Summary | WNS=7.132  | TNS=0.000  | WHS=-0.167 | THS=-26.223|

Phase 2 Router Initialization | Checksum: eb23af09

Time (s): cpu = 00:00:28 ; elapsed = 00:00:25 . Memory (MB): peak = 1518.926 ; gain = 129.191

Router Utilization Summary
  Global Vertical Routing Utilization    = 0.0440883 %
  Global Horizontal Routing Utilization  = 0.0612962 %
  Routable Net Status*
  *Does not include unroutable nets such as driverless and loadless.
  Run report_route_status for detailed report.
  Number of Failed Nets               = 1362
    (Failed Nets is the sum of unrouted and partially routed nets)
  Number of Unrouted Nets             = 1300
  Number of Partially Routed Nets     = 62
  Number of Node Overlaps             = 294


Phase 3 Initial Routing
Phase 3 Initial Routing | Checksum: 14f6bb3de

Time (s): cpu = 00:00:29 ; elapsed = 00:00:25 . Memory (MB): peak = 1518.926 ; gain = 129.191

Phase 4 Rip-up And Reroute

Phase 4.1 Global Iteration 0
 Number of Nodes with overlaps = 454
 Number of Nodes with overlaps = 96
 Number of Nodes with overlaps = 33
 Number of Nodes with overlaps = 15
 Number of Nodes with overlaps = 6
 Number of Nodes with overlaps = 3
 Number of Nodes with overlaps = 0
INFO: [Route 35-416] Intermediate Timing Summary | WNS=6.491  | TNS=0.000  | WHS=N/A    | THS=N/A    |

Phase 4.1 Global Iteration 0 | Checksum: 11c4939d0

Time (s): cpu = 00:00:32 ; elapsed = 00:00:28 . Memory (MB): peak = 1518.926 ; gain = 129.191
Phase 4 Rip-up And Reroute | Checksum: 11c4939d0

Time (s): cpu = 00:00:32 ; elapsed = 00:00:28 . Memory (MB): peak = 1518.926 ; gain = 129.191

Phase 5 Delay and Skew Optimization

Phase 5.1 Delay CleanUp
Phase 5.1 Delay CleanUp | Checksum: 11c4939d0

Time (s): cpu = 00:00:32 ; elapsed = 00:00:28 . Memory (MB): peak = 1518.926 ; gain = 129.191

Phase 5.2 Clock Skew Optimization
Phase 5.2 Clock Skew Optimization | Checksum: 11c4939d0

Time (s): cpu = 00:00:32 ; elapsed = 00:00:28 . Memory (MB): peak = 1518.926 ; gain = 129.191
Phase 5 Delay and Skew Optimization | Checksum: 11c4939d0

Time (s): cpu = 00:00:32 ; elapsed = 00:00:28 . Memory (MB): peak = 1518.926 ; gain = 129.191

Phase 6 Post Hold Fix

Phase 6.1 Hold Fix Iter

Phase 6.1.1 Update Timing
Phase 6.1.1 Update Timing | Checksum: 195d1e666

Time (s): cpu = 00:00:33 ; elapsed = 00:00:28 . Memory (MB): peak = 1518.926 ; gain = 129.191
INFO: [Route 35-416] Intermediate Timing Summary | WNS=6.571  | TNS=0.000  | WHS=0.049  | THS=0.000  |

Phase 6.1 Hold Fix Iter | Checksum: 1da578194

Time (s): cpu = 00:00:33 ; elapsed = 00:00:28 . Memory (MB): peak = 1518.926 ; gain = 129.191
Phase 6 Post Hold Fix | Checksum: 1da578194

Time (s): cpu = 00:00:33 ; elapsed = 00:00:28 . Memory (MB): peak = 1518.926 ; gain = 129.191

Phase 7 Route finalize

Router Utilization Summary
  Global Vertical Routing Utilization    = 0.541178 %
  Global Horizontal Routing Utilization  = 0.683368 %
  Routable Net Status*
  *Does not include unroutable nets such as driverless and loadless.
  Run report_route_status for detailed report.
  Number of Failed Nets               = 0
    (Failed Nets is the sum of unrouted and partially routed nets)
  Number of Unrouted Nets             = 0
  Number of Partially Routed Nets     = 0
  Number of Node Overlaps             = 0

Phase 7 Route finalize | Checksum: 1348f0738

Time (s): cpu = 00:00:33 ; elapsed = 00:00:28 . Memory (MB): peak = 1518.926 ; gain = 129.191

Phase 8 Verifying routed nets

 Verification completed successfully
Phase 8 Verifying routed nets | Checksum: 1348f0738

Time (s): cpu = 00:00:33 ; elapsed = 00:00:28 . Memory (MB): peak = 1518.926 ; gain = 129.191

Phase 9 Depositing Routes
Phase 9 Depositing Routes | Checksum: 1503e02a8

Time (s): cpu = 00:00:33 ; elapsed = 00:00:28 . Memory (MB): peak = 1518.926 ; gain = 129.191

Phase 10 Post Router Timing
INFO: [Route 35-57] Estimated Timing Summary | WNS=6.571  | TNS=0.000  | WHS=0.049  | THS=0.000  |

INFO: [Route 35-327] The final timing numbers are based on the router estimated timing analysis. For a complete and accurate timing signoff, please run report_timing_summary.
Phase 10 Post Router Timing | Checksum: 1503e02a8

Time (s): cpu = 00:00:33 ; elapsed = 00:00:28 . Memory (MB): peak = 1518.926 ; gain = 129.191
INFO: [Route 35-16] Router Completed Successfully

Time (s): cpu = 00:00:33 ; elapsed = 00:00:28 . Memory (MB): peak = 1518.926 ; gain = 129.191

Routing Is Done.
INFO: [Common 17-83] Releasing license: Implementation
69 Infos, 0 Warnings, 0 Critical Warnings and 0 Errors encountered.
route_design completed successfully
route_design: Time (s): cpu = 00:00:35 ; elapsed = 00:00:29 . Memory (MB): peak = 1518.926 ; gain = 140.215
Netlist sorting complete. Time (s): cpu = 00:00:00 ; elapsed = 00:00:00.001 . Memory (MB): peak = 1518.926 ; gain = 0.000
INFO: [Timing 38-480] Writing timing data to binary archive.
Writing placer database...
Writing XDEF routing.
Writing XDEF routing logical nets.
Writing XDEF routing special nets.
Write XDEF Complete: Time (s): cpu = 00:00:01 ; elapsed = 00:00:00.274 . Memory (MB): peak = 1528.160 ; gain = 9.234
INFO: [Common 17-1381] The checkpoint 'F:/Projects/piplinecpu/pipeline/pipeline.runs/impl_1/Basys3_Top_routed.dcp' has been generated.
INFO: [runtcl-4] Executing : report_drc -file Basys3_Top_drc_routed.rpt -pb Basys3_Top_drc_routed.pb -rpx Basys3_Top_drc_routed.rpx
Command: report_drc -file Basys3_Top_drc_routed.rpt -pb Basys3_Top_drc_routed.pb -rpx Basys3_Top_drc_routed.rpx
INFO: [IP_Flow 19-1839] IP Catalog is up to date.
INFO: [DRC 23-27] Running DRC with 2 threads
INFO: [Coretcl 2-168] The results of DRC are in file F:/Projects/piplinecpu/pipeline/pipeline.runs/impl_1/Basys3_Top_drc_routed.rpt.
report_drc completed successfully
INFO: [runtcl-4] Executing : report_methodology -file Basys3_Top_methodology_drc_routed.rpt -pb Basys3_Top_methodology_drc_routed.pb -rpx Basys3_Top_methodology_drc_routed.rpx
Command: report_methodology -file Basys3_Top_methodology_drc_routed.rpt -pb Basys3_Top_methodology_drc_routed.pb -rpx Basys3_Top_methodology_drc_routed.rpx
INFO: [Timing 38-35] Done setting XDC timing constraints.
INFO: [DRC 23-133] Running Methodology with 2 threads
INFO: [Coretcl 2-1520] The results of Report Methodology are in file F:/Projects/piplinecpu/pipeline/pipeline.runs/impl_1/Basys3_Top_methodology_drc_routed.rpt.
report_methodology completed successfully
INFO: [runtcl-4] Executing : report_power -file Basys3_Top_power_routed.rpt -pb Basys3_Top_power_summary_routed.pb -rpx Basys3_Top_power_routed.rpx
Command: report_power -file Basys3_Top_power_routed.rpt -pb Basys3_Top_power_summary_routed.pb -rpx Basys3_Top_power_routed.rpx
INFO: [Timing 38-35] Done setting XDC timing constraints.
Running Vector-less Activity Propagation...

Finished Running Vector-less Activity Propagation
81 Infos, 0 Warnings, 0 Critical Warnings and 0 Errors encountered.
report_power completed successfully
INFO: [runtcl-4] Executing : report_route_status -file Basys3_Top_route_status.rpt -pb Basys3_Top_route_status.pb
INFO: [runtcl-4] Executing : report_timing_summary -max_paths 10 -file Basys3_Top_timing_summary_routed.rpt -pb Basys3_Top_timing_summary_routed.pb -rpx Basys3_Top_timing_summary_routed.rpx -warn_on_violation 
INFO: [Timing 38-91] UpdateTimingParams: Speed grade: -1, Delay Type: min_max.
INFO: [Timing 38-191] Multithreading enabled for timing update using a maximum of 2 CPUs
INFO: [runtcl-4] Executing : report_incremental_reuse -file Basys3_Top_incremental_reuse_routed.rpt
INFO: [Vivado_Tcl 4-1062] Incremental flow is disabled. No incremental reuse Info to report.
INFO: [runtcl-4] Executing : report_clock_utilization -file Basys3_Top_clock_utilization_routed.rpt
INFO: [runtcl-4] Executing : report_bus_skew -warn_on_violation -file Basys3_Top_bus_skew_routed.rpt -pb Basys3_Top_bus_skew_routed.pb -rpx Basys3_Top_bus_skew_routed.rpx
INFO: [Timing 38-91] UpdateTimingParams: Speed grade: -1, Delay Type: min_max.
INFO: [Timing 38-191] Multithreading enabled for timing update using a maximum of 2 CPUs
INFO: [Common 17-206] Exiting Vivado at Mon Apr 18 00:06:05 2022...
