Vivado Simulator 2019.1
Copyright 1986-1999, 2001-2019 Xilinx, Inc. All Rights Reserved.
Running: F:/Xilinx/Vivado/2019.1/bin/unwrapped/win64.o/xelab.exe -wto 92ecc62c3b0d4d4c829793f0f4b8ef3d --incr --debug typical --relax --mt 2 -L dist_mem_gen_v8_0_13 -L xil_defaultlib -L unisims_ver -L unimacro_ver -L secureip -L xpm --snapshot simu_behav xil_defaultlib.simu xil_defaultlib.glbl -log elaborate.log 
Using 2 slave threads.
Starting static elaboration
Completed static elaboration
Starting simulation data flow analysis
Completed simulation data flow analysis
Time Resolution for simulation is 1ps
Compiling module xil_defaultlib.decoder_6_64
Compiling module xil_defaultlib.decoder_5_32
Compiling module xil_defaultlib.regfile
Compiling module xil_defaultlib.alu
Compiling module xil_defaultlib.mycpu_top
Compiling module dist_mem_gen_v8_0_13.dist_mem_gen_v8_0_13(C_FAMILY="a...
Compiling module xil_defaultlib.irom
Compiling module xil_defaultlib.confreg
Compiling module xil_defaultlib.Basys3_Top
Compiling module xil_defaultlib.simu
Compiling module xil_defaultlib.glbl
Built simulation snapshot simu_behav
